# JRE version: Java(TM) SE Runtime Environment (8.0_181-b13) (build 1.8.0_181-b13)
# Java VM: Java HotSpot(TM) 64-Bit Server VM (25.181-b13 mixed mode bsd-amd64 compressed oops)
Heap:
 PSYoungGen      total 71680K, used 5109K [0x00000007ab300000, 0x00000007b3f00000, 0x00000007c0000000)
  eden space 66560K, 0% used [0x00000007ab300000,0x00000007ab300000,0x00000007af400000)
  from space 5120K, 99% used [0x00000007af400000,0x00000007af8fd740,0x00000007af900000)
  to   space 5120K, 0% used [0x00000007b3a00000,0x00000007b3a00000,0x00000007b3f00000)
 ParOldGen       total 87552K, used 60708K [0x0000000781800000, 0x0000000786d80000, 0x00000007ab300000)
  object space 87552K, 69% used [0x0000000781800000,0x00000007853490d0,0x0000000786d80000)
 Metaspace       used 6038K, capacity 6282K, committed 6400K, reserved 1056768K
  class space    used 642K, capacity 718K, committed 768K, reserved 1048576K
GC Heap History (7 events):
Event: 0.434 GC heap before
{Heap before GC invocations=1 (full 0):
 PSYoungGen      total 38400K, used 33280K [0x00000007ab300000, 0x00000007add80000, 0x00000007c0000000)
  eden space 33280K, 100% used [0x00000007ab300000,0x00000007ad380000,0x00000007ad380000)
  from space 5120K, 0% used [0x00000007ad880000,0x00000007ad880000,0x00000007add80000)
  to   space 5120K, 0% used [0x00000007ad380000,0x00000007ad380000,0x00000007ad880000)
 ParOldGen       total 87552K, used 0K [0x0000000781800000, 0x0000000786d80000, 0x00000007ab300000)
  object space 87552K, 0% used [0x0000000781800000,0x0000000781800000,0x0000000786d80000)
 Metaspace       used 5983K, capacity 6246K, committed 6400K, reserved 1056768K
  class space    used 636K, capacity 712K, committed 768K, reserved 1048576K
Event: 0.447 GC heap after
Heap after GC invocations=1 (full 0):
 PSYoungGen      total 38400K, used 5104K [0x00000007ab300000, 0x00000007afe00000, 0x00000007c0000000)
  eden space 33280K, 0% used [0x00000007ab300000,0x00000007ab300000,0x00000007ad380000)
  from space 5120K, 99% used [0x00000007ad380000,0x00000007ad87c050,0x00000007ad880000)
  to   space 5120K, 0% used [0x00000007af900000,0x00000007af900000,0x00000007afe00000)
 ParOldGen       total 87552K, used 12207K [0x0000000781800000, 0x0000000786d80000, 0x00000007ab300000)
  object space 87552K, 13% used [0x0000000781800000,0x00000007823ebca8,0x0000000786d80000)
 Metaspace       used 5983K, capacity 6246K, committed 6400K, reserved 1056768K
  class space    used 636K, capacity 712K, committed 768K, reserved 1048576K
}
Event: 0.541 GC heap before
{Heap before GC invocations=2 (full 0):
 PSYoungGen      total 38400K, used 37308K [0x00000007ab300000, 0x00000007afe00000, 0x00000007c0000000)
  eden space 33280K, 96% used [0x00000007ab300000,0x00000007ad273018,0x00000007ad380000)
  from space 5120K, 99% used [0x00000007ad380000,0x00000007ad87c050,0x00000007ad880000)
  to   space 5120K, 0% used [0x00000007af900000,0x00000007af900000,0x00000007afe00000)
 ParOldGen       total 87552K, used 12207K [0x0000000781800000, 0x0000000786d80000, 0x00000007ab300000)
  object space 87552K, 13% used [0x0000000781800000,0x00000007823ebca8,0x0000000786d80000)
 Metaspace       used 5985K, capacity 6246K, committed 6400K, reserved 1056768K
  class space    used 636K, capacity 712K, committed 768K, reserved 1048576K
Event: 0.557 GC heap after
Heap after GC invocations=2 (full 0):
 PSYoungGen      total 71680K, used 5088K [0x00000007ab300000, 0x00000007afe00000, 0x00000007c0000000)
  eden space 66560K, 0% used [0x00000007ab300000,0x00000007ab300000,0x00000007af400000)
  from space 5120K, 99% used [0x00000007af900000,0x00000007afdf8030,0x00000007afe00000)
  to   space 5120K, 0% used [0x00000007af400000,0x00000007af400000,0x00000007af900000)
 ParOldGen       total 87552K, used 26487K [0x0000000781800000, 0x0000000786d80000, 0x00000007ab300000)
  object space 87552K, 30% used [0x0000000781800000,0x00000007831ddcc8,0x0000000786d80000)
 Metaspace       used 5985K, capacity 6246K, committed 6400K, reserved 1056768K
  class space    used 636K, capacity 712K, committed 768K, reserved 1048576K
}
Event: 0.788 GC heap before
{Heap before GC invocations=3 (full 0):
 PSYoungGen      total 71680K, used 69089K [0x00000007ab300000, 0x00000007afe00000, 0x00000007c0000000)
  eden space 66560K, 96% used [0x00000007ab300000,0x00000007af1804f8,0x00000007af400000)
  from space 5120K, 99% used [0x00000007af900000,0x00000007afdf8030,0x00000007afe00000)
  to   space 5120K, 0% used [0x00000007af400000,0x00000007af400000,0x00000007af900000)
 ParOldGen       total 87552K, used 26487K [0x0000000781800000, 0x0000000786d80000, 0x00000007ab300000)
  object space 87552K, 30% used [0x0000000781800000,0x00000007831ddcc8,0x0000000786d80000)
 Metaspace       used 6038K, capacity 6282K, committed 6400K, reserved 1056768K
  class space    used 642K, capacity 718K, committed 768K, reserved 1048576K
Event: 0.824 GC heap after
Heap after GC invocations=3 (full 0):
 PSYoungGen      total 71680K, used 5109K [0x00000007ab300000, 0x00000007b3f00000, 0x00000007c0000000)
  eden space 66560K, 0% used [0x00000007ab300000,0x00000007ab300000,0x00000007af400000)
  from space 5120K, 99% used [0x00000007af400000,0x00000007af8fd740,0x00000007af900000)
  to   space 5120K, 0% used [0x00000007b3a00000,0x00000007b3a00000,0x00000007b3f00000)
 ParOldGen       total 87552K, used 60708K [0x0000000781800000, 0x0000000786d80000, 0x00000007ab300000)
  object space 87552K, 69% used [0x0000000781800000,0x00000007853490d0,0x0000000786d80000)
 Metaspace       used 6038K, capacity 6282K, committed 6400K, reserved 1056768K
  class space    used 642K, capacity 718K, committed 768K, reserved 1048576K
}
Event: 0.824 GC heap before
{Heap before GC invocations=4 (full 1):
 PSYoungGen      total 71680K, used 5109K [0x00000007ab300000, 0x00000007b3f00000, 0x00000007c0000000)
  eden space 66560K, 0% used [0x00000007ab300000,0x00000007ab300000,0x00000007af400000)
  from space 5120K, 99% used [0x00000007af400000,0x00000007af8fd740,0x00000007af900000)
  to   space 5120K, 0% used [0x00000007b3a00000,0x00000007b3a00000,0x00000007b3f00000)
 ParOldGen       total 87552K, used 60708K [0x0000000781800000, 0x0000000786d80000, 0x00000007ab300000)
  object space 87552K, 69% used [0x0000000781800000,0x00000007853490d0,0x0000000786d80000)
 Metaspace       used 6038K, capacity 6282K, committed 6400K, reserved 1056768K
  class space    used 642K, capacity 718K, committed 768K, reserved 1048576K

